OpenGL Version: 4.5.0 NVIDIA 354.13	
Starting seed: 1449957810	
pan up	
pan up	
pan up	
pan up	
NumSamples: 21	
NumSamples: 22	
NumSamples: 23	
NumSamples: 24	
NumSamples: 25	
NumSamples: 26	
NumSamples: 27	
NumSamples: 28	
NumSamples: 29	
NumSamples: 30	
NumSamples: 31	
NumSamples: 32	
NumSamples: 33	
NumSamples: 34	
NumSamples: 35	
NumSamples: 36	
pan up	
pan up	
pan up	
pan up	
NumSamples: 37	
NumSamples: 38	
NumSamples: 39	
NumSamples: 40	
NumSamples: 41	
NumSamples: 42	
NumSamples: 43	
NumSamples: 44	
NumSamples: 45	
NumSamples: 46	
NumSamples: 47	
NumSamples: 48	
NumSamples: 49	
NumSamples: 50	
NumSamples: 51	
NumSamples: 52	
NumSamples: 53	
NumSamples: 54	
NumSamples: 55	
NumSamples: 56	
pan up	
pan up	
pan up	
NumSamples: 57	
NumSamples: 58	
NumSamples: 59	
CloudNumSamples: 256	
CloudNumSamples: 128	
CloudNumSamples: 64	
Scale: 4.10	
Scale: 4.20	
Scale: 4.30	
Scale: 4.40	
Scale: 4.50	
Scale: 4.60	
Scale: 4.70	
Scale: 4.80	
Scale: 4.90	
Scale: 5.00	
Scale: 5.10	
Scale: 5.20	
Scale: 5.30	
Scale: 5.40	
Scale: 5.50	
Scale: 5.60	
Scale: 5.70	
Scale: 5.80	
Scale: 5.90	
Scale: 6.00	
Scale: 6.10	
Scale: 6.20	
Scale: 6.30	
Scale: 6.40	
Scale: 6.50	
Scale: 6.60	
Scale: 6.50	
Scale: 6.40	
Scale: 6.30	
Scale: 6.20	
Scale: 6.10	
Scale: 6.00	
Scale: 5.90	
Scale: 5.80	
Scale: 5.70	
Scale: 5.60	
Scale: 5.50	
Scale: 5.40	
cloudDensity: 0.43000	
Starting seed: 1449957869	
cloudDensity: 0.44000	
Starting seed: 1449957870	
cloudDensity: 0.43000	
Starting seed: 1449957871	
cloudDensity: 0.44000	
Starting seed: 1449957872	
cloudDensity: 0.45000	
Starting seed: 1449957873	
cloudDensity: 0.46000	
Starting seed: 1449957874	
cloudDensity: 0.45000	
Starting seed: 1449957875	
cloudDensity: 0.44000	
Starting seed: 1449957875	
cloudDensity: 0.43000	
Starting seed: 1449957876	
cloudDensity: 0.42000	
Starting seed: 1449957876	
cloudDensity: 0.41000	
Starting seed: 1449957877	
cloudDensity: 0.40000	
Starting seed: 1449957877	
cloudDensity: 0.39000	
Starting seed: 1449957878	
octaves: 9	
Starting seed: 1449957884	
octaves: 10	
Starting seed: 1449957885	
octaves: 11	
Starting seed: 1449957887	
octaves: 10	
Starting seed: 1449957888	
octaves: 11	
Starting seed: 1449957889	
octaves: 12	
Starting seed: 1449957890	
octaves: 11	
Starting seed: 1449957891	
octaves: 10	
Starting seed: 1449957892	
octaves: 9	
Starting seed: 1449957893	
octaves: 8	
Starting seed: 1449957895	
octaves: 7	
Starting seed: 1449957896	
octaves: 6	
Starting seed: 1449957896	
octaves: 5	
Starting seed: 1449957899	
octaves: 4	
Starting seed: 1449957900	
octaves: 3	
Starting seed: 1449957901	
octaves: 2	
Starting seed: 1449957902	
octaves: 1	
Starting seed: 1449957904	
octaves: 1	
Starting seed: 1449957905	
CloudNumSamples: 128	
CloudNumSamples: 256	
CloudNumSamples: 128	
CloudNumSamples: 64	
CloudNumSamples: 32	
CloudNumSamples: 16	
CloudNumSamples: 32	
CloudNumSamples: 64	
CloudNumSamples: 128	
CloudNumSamples: 256	
pan left	
pan left	
pan left	
pan left	
pan left	
pan left	
pan left	
pan left	
pan left	
pan left	
pan left	
pan left	
pan left	
pan left	
pan left	
pan left	
pan left	
pan left	
pan left	
pan left	
pan left	
pan left	
pan left	
pan left	
pan left	
pan left	
pan right	
pan right	
pan right	
pan right	
pan right	
pan right	
pan right	
pan right	
pan right	
pan right	
pan right	
pan right	
pan right	
pan right	
pan right	
pan right	
pan right	
pan right	
pan right	
pan right	
pan right	
pan right	
pan right	
pan right	
pan right	
pan right	
pan right	
pan right	
octaves: 2	
Starting seed: 1449957939	
octaves: 3	
Starting seed: 1449957941	
octaves: 4	
Starting seed: 1449957943	
octaves: 5	
Starting seed: 1449957943	
octaves: 4	
Starting seed: 1449957947	
octaves: 3	
Starting seed: 1449957948	
octaves: 2	
Starting seed: 1449957949	
octaves: 1	
Starting seed: 1449957950	
CloudNumSamples: 512	
Absorption: 2.5000	
CloudNumSamples: 256	
CloudNumSamples: 128	
Absorption: 2.6000	
Absorption: 2.7000	
Absorption: 2.8000	
Absorption: 2.9000	
Absorption: 3.0000	
Absorption: 3.1000	
Absorption: 3.2000	
Absorption: 3.3000	
Absorption: 3.4000	
Absorption: 3.5000	
Absorption: 3.6000	
Absorption: 3.7000	
Absorption: 3.8000	
Absorption: 3.9000	
Absorption: 4.0000	
Absorption: 4.1000	
Absorption: 4.2000	
Absorption: 4.3000	
Absorption: 4.4000	
Absorption: 4.5000	
Absorption: 4.6000	
Absorption: 4.7000	
Absorption: 4.8000	
Absorption: 4.9000	
CloudNumSamples: 256	
CloudNumSamples: 512	
CloudNumSamples: 256	
CloudNumSamples: 128	
CloudNumSamples: 256	
CloudNumSamples: 128	
octaves: 2	
Starting seed: 1449957980	
octaves: 3	
Starting seed: 1449957981	
octaves: 4	
Starting seed: 1449957982	
octaves: 5	
Starting seed: 1449957983	
octaves: 4	
Starting seed: 1449957984	
octaves: 3	
Starting seed: 1449957985	
octaves: 2	
Starting seed: 1449957986	
octaves: 1	
Starting seed: 1449957986	
octaves: 2	
Starting seed: 1449958083	
octaves: 3	
Starting seed: 1449958126	
octaves: 4	
Starting seed: 1449958128	
octaves: 5	
Starting seed: 1449958129	
octaves: 6	
Starting seed: 1449958130	
octaves: 7	
Starting seed: 1449958131	
octaves: 8	
Starting seed: 1449958133	
octaves: 9	
Starting seed: 1449958134	
cloudDensity: 0.38000	
Starting seed: 1449958141	
cloudDensity: 0.37000	
Starting seed: 1449958142	
cloudDensity: 0.36000	
Starting seed: 1449958143	
cloudDensity: 0.35000	
Starting seed: 1449958144	
cloudDensity: 0.34000	
Starting seed: 1449958144	
cloudDensity: 0.33000	
Starting seed: 1449958145	
cloudDensity: 0.32000	
Starting seed: 1449958145	
cloudDensity: 0.31000	
Starting seed: 1449958147	
cloudDensity: 0.30000	
Starting seed: 1449958147	
cloudDensity: 0.29000	
Starting seed: 1449958147	
cloudDensity: 0.28000	
Starting seed: 1449958149	
cloudDensity: 0.27000	
Starting seed: 1449958152	
cloudDensity: 0.26000	
Starting seed: 1449958153	
CloudNumSamples: 256	
CloudNumSamples: 512	
Absorption: 5.0000	
Absorption: 5.1000	
Absorption: 5.2000	
Absorption: 5.3000	
Absorption: 5.4000	
Absorption: 5.5000	
CloudNumSamples: 256	
CloudNumSamples: 128	
Absorption: 5.6000	
Absorption: 5.7000	
Absorption: 5.8000	
Absorption: 5.9000	
Absorption: 6.0000	
Absorption: 6.1000	
Absorption: 6.2000	
Absorption: 6.3000	
Absorption: 6.4000	
Absorption: 6.5000	
Absorption: 6.6000	
Absorption: 6.7000	
Absorption: 6.8000	
Absorption: 6.9000	
Absorption: 7.0000	
Absorption: 7.1000	
Absorption: 7.2000	
Absorption: 7.3000	
Absorption: 7.4000	
Absorption: 7.5000	
Absorption: 7.6000	
Absorption: 7.7000	
Absorption: 7.8000	
Absorption: 7.9000	
Absorption: 8.0000	
Absorption: 8.1000	
Absorption: 8.2000	
Absorption: 8.3000	
Absorption: 8.4000	
Absorption: 8.5000	
Absorption: 8.6000	
Absorption: 8.7000	
Absorption: 8.8000	
Absorption: 8.9000	
Absorption: 9.0000	
Absorption: 9.1000	
Absorption: 9.2000	
Absorption: 9.3000	
Absorption: 9.4000	
Absorption: 9.5000	
Absorption: 9.6000	
Absorption: 9.7000	
Absorption: 9.8000	
Absorption: 9.9000	
CloudNumSamples: 256	
CloudNumSamples: 512	
CloudNumSamples: 256	
CloudNumSamples: 128	
CloudNumSamples: 64	
Absorption: 9.8000	
Absorption: 9.7000	
Absorption: 9.6000	
Absorption: 9.5000	
Absorption: 9.4000	
Absorption: 9.3000	
Absorption: 9.2000	
Absorption: 9.1000	
Absorption: 9.0000	
Absorption: 8.9000	
Absorption: 8.8000	
Absorption: 8.7000	
Absorption: 8.6000	
Absorption: 8.5000	
Absorption: 8.4000	
Absorption: 8.3000	
Absorption: 8.2000	
Absorption: 8.1000	
Absorption: 8.0000	
Absorption: 7.9000	
Absorption: 7.8000	
Absorption: 7.7000	
Absorption: 7.6000	
Absorption: 7.5000	
Absorption: 7.4000	
Absorption: 7.3000	
Absorption: 7.2000	
Absorption: 7.1000	
Absorption: 7.0000	
Absorption: 6.9000	
Absorption: 6.8000	
Absorption: 6.7000	
Absorption: 6.6000	
Absorption: 6.5000	
Absorption: 6.4000	
Absorption: 6.3000	
Absorption: 6.2000	
Absorption: 6.1000	
Absorption: 6.0000	
Absorption: 5.9000	
Absorption: 5.8000	
Absorption: 5.7000	
Absorption: 5.6000	
Absorption: 5.5000	
Absorption: 5.4000	
Absorption: 5.3000	
Absorption: 5.2000	
Absorption: 5.1000	
Absorption: 5.0000	
Absorption: 4.9000	
Absorption: 4.8000	
Absorption: 4.7000	
Absorption: 4.6000	
Absorption: 4.5000	
Absorption: 4.4000	
Absorption: 4.3000	
Absorption: 4.2000	
Absorption: 4.1000	
Absorption: 4.0000	
Absorption: 3.9000	
Absorption: 3.8000	
Absorption: 3.7000	
Absorption: 3.6000	
SunBrightness: 4.75	
SunBrightness: 5.00	
SunBrightness: 5.25	
SunBrightness: 5.50	
SunBrightness: 5.75	
SunBrightness: 6.00	
SunBrightness: 6.25	
SunBrightness: 6.50	
SunBrightness: 6.75	
SunBrightness: 7.00	
SunBrightness: 7.25	
SunBrightness: 7.50	
SunBrightness: 7.75	
SunBrightness: 8.00	
SunBrightness: 8.25	
SunBrightness: 8.50	
SunBrightness: 8.75	
SunBrightness: 9.00	
SunBrightness: 9.25	
SunBrightness: 9.50	
SunBrightness: 9.75	
SunBrightness: 10.00	
SunBrightness: 10.25	
SunBrightness: 10.50	
SunBrightness: 10.75	
SunBrightness: 10.50	
SunBrightness: 10.25	
SunBrightness: 10.00	
SunBrightness: 9.75	
SunBrightness: 9.50	
SunBrightness: 9.25	
SunBrightness: 9.50	
SunBrightness: 9.75	
SunBrightness: 10.00	
SunBrightness: 10.25	
SunBrightness: 10.50	
SunBrightness: 10.75	
SunBrightness: 11.00	
NumSamples: 60	
NumSamples: 61	
NumSamples: 62	
NumSamples: 63	
NumSamples: 64	
NumSamples: 65	
NumSamples: 66	
NumSamples: 67	
NumSamples: 68	
NumSamples: 69	
NumSamples: 70	
NumSamples: 71	
NumSamples: 70	
NumSamples: 69	
NumSamples: 68	
NumSamples: 67	
NumSamples: 66	
NumSamples: 65	
NumSamples: 64	
NumSamples: 63	
NumSamples: 62	
NumSamples: 61	
NumSamples: 60	
NumSamples: 59	
NumSamples: 58	
NumSamples: 57	
NumSamples: 56	
NumSamples: 55	
CameraHeight: 10.11	
CameraHeight: 10.11	
CameraHeight: 10.12	
CameraHeight: 10.12	
CameraHeight: 10.13	
CameraHeight: 10.13	
CameraHeight: 10.14	
CameraHeight: 10.14	
CameraHeight: 10.15	
CameraHeight: 10.15	
CameraHeight: 10.16	
CameraHeight: 10.16	
CameraHeight: 10.17	
CameraHeight: 10.17	
CameraHeight: 10.18	
CameraHeight: 10.18	
CameraHeight: 10.19	
CameraHeight: 10.19	
CameraHeight: 10.20	
CameraHeight: 10.20	
CameraHeight: 10.21	
CameraHeight: 10.21	
CameraHeight: 10.22	
CameraHeight: 10.21	
CameraHeight: 10.21	
CameraHeight: 10.20	
CameraHeight: 10.20	
CameraHeight: 10.19	
CameraHeight: 10.19	
CameraHeight: 10.18	
CameraHeight: 10.18	
CameraHeight: 10.17	
CameraHeight: 10.17	
CameraHeight: 10.16	
CameraHeight: 10.16	
CameraHeight: 10.15	
CameraHeight: 10.15	
CameraHeight: 10.14	
CameraHeight: 10.14	
CameraHeight: 10.13	
CameraHeight: 10.13	
CameraHeight: 10.12	
CameraHeight: 10.12	
CameraHeight: 10.11	
CameraHeight: 10.11	
CameraHeight: 10.10	
CameraHeight: 10.10	
CameraHeight: 10.09	
CameraHeight: 10.09	
CameraHeight: 10.08	
CameraHeight: 10.07	
CameraHeight: 10.07	
CameraHeight: 10.06	
CameraHeight: 10.06	
CameraHeight: 10.05	
CameraHeight: 10.05	
CameraHeight: 10.04	
CameraHeight: 10.04	
CameraHeight: 10.03	
CameraHeight: 10.03	
CameraHeight: 10.02	
CameraHeight: 10.02	
CameraHeight: 10.01	
CameraHeight: 10.02	
CameraHeight: 10.02	
CameraHeight: 10.03	
CameraHeight: 10.03	
CameraHeight: 10.04	
CameraHeight: 10.04	
CameraHeight: 10.05	
CameraHeight: 10.05	
CameraHeight: 10.06	
CameraHeight: 10.06	
CameraHeight: 10.07	
CameraHeight: 10.07	
CameraHeight: 10.08	
CameraHeight: 10.09	
CameraHeight: 10.09	
MieKm: 0.0011	
MieKm: 0.0012	
MieKm: 0.0013	
MieKm: 0.0014	
MieKm: 0.0015	
MieKm: 0.0016	
MieKm: 0.0017	
MieKm: 0.0018	
MieKm: 0.0019	
MieKm: 0.0020	
MieKm: 0.0021	
MieKm: 0.0022	
MieKm: 0.0023	
MieKm: 0.0024	
MieKm: 0.0025	
MieKm: 0.0026	
MieKm: 0.0027	
MieKm: 0.0028	
MieKm: 0.0029	
MieKm: 0.0030	
MieKm: 0.0031	
MieKm: 0.0032	
MieKm: 0.0033	
MieKm: 0.0034	
MieKm: 0.0035	
MieKm: 0.0036	
MieKm: 0.0037	
MieKm: 0.0038	
MieKm: 0.0039	
MieKm: 0.0040	
MieKm: 0.0041	
MieKm: 0.0042	
MieKm: 0.0043	
MieKm: 0.0044	
MieKm: 0.0045	
MieKm: 0.0046	
MieKm: 0.0047	
RayleighKr: 0.0026	
RayleighKr: 0.0027	
RayleighKr: 0.0028	
RayleighKr: 0.0029	
RayleighKr: 0.0030	
RayleighKr: 0.0031	
RayleighKr: 0.0032	
RayleighKr: 0.0033	
RayleighKr: 0.0034	
RayleighKr: 0.0035	
RayleighKr: 0.0036	
RayleighKr: 0.0037	
RayleighKr: 0.0036	
RayleighKr: 0.0035	
RayleighKr: 0.0034	
RayleighKr: 0.0033	
RayleighKr: 0.0032	
RayleighKr: 0.0031	
RayleighKr: 0.0030	
RayleighKr: 0.0029	
RayleighKr: 0.0028	
RayleighKr: 0.0027	
RayleighKr: 0.0026	
RayleighKr: 0.0025	
RayleighKr: 0.0024	
RayleighKr: 0.0023	
RayleighKr: 0.0022	
RayleighKr: 0.0021	
RayleighKr: 0.0020	
RayleighKr: 0.0019	
RayleighKr: 0.0018	
RayleighKr: 0.0017	
RayleighKr: 0.0016	
RayleighKr: 0.0015	
RayleighKr: 0.0014	
RayleighKr: 0.0015	
RayleighKr: 0.0016	
RayleighKr: 0.0017	
RayleighKr: 0.0018	
RayleighKr: 0.0019	
RayleighKr: 0.0020	
RayleighKr: 0.0021	
RayleighKr: 0.0022	
RayleighKr: 0.0023	
RayleighKr: 0.0024	
RayleighScaleDepth: 0.3900	
RayleighScaleDepth: 0.3800	
RayleighScaleDepth: 0.3700	
RayleighScaleDepth: 0.3600	
RayleighScaleDepth: 0.3500	
RayleighScaleDepth: 0.3400	
RayleighScaleDepth: 0.3300	
RayleighScaleDepth: 0.3200	
RayleighScaleDepth: 0.3100	
RayleighScaleDepth: 0.3000	
RayleighScaleDepth: 0.2900	
RayleighScaleDepth: 0.2800	
RayleighScaleDepth: 0.2700	
RayleighScaleDepth: 0.2600	
RayleighScaleDepth: 0.2500	
RayleighScaleDepth: 0.2400	
RayleighScaleDepth: 0.2300	
RayleighScaleDepth: 0.2200	
RayleighScaleDepth: 0.2100	
RayleighScaleDepth: 0.2200	
RayleighScaleDepth: 0.2300	
RayleighScaleDepth: 0.2400	
RayleighScaleDepth: 0.2500	
RayleighScaleDepth: 0.2600	
RayleighScaleDepth: 0.2700	
RayleighScaleDepth: 0.2800	
RayleighScaleDepth: 0.2900	
RayleighScaleDepth: 0.3000	
RayleighScaleDepth: 0.3100	
RayleighScaleDepth: 0.3200	
RayleighScaleDepth: 0.3300	
RayleighScaleDepth: 0.3400	
RayleighScaleDepth: 0.3500	
RayleighScaleDepth: 0.3400	
RayleighScaleDepth: 0.3300	
RayleighScaleDepth: 0.3200	
RayleighScaleDepth: 0.3100	
RayleighScaleDepth: 0.3000	
RayleighScaleDepth: 0.2900	
RayleighScaleDepth: 0.2800	
RayleighScaleDepth: 0.2700	
RayleighScaleDepth: 0.2600	
RayleighScaleDepth: 0.2500	
RayleighScaleDepth: 0.2400	
RayleighScaleDepth: 0.2300	
RayleighScaleDepth: 0.2200	
RayleighScaleDepth: 0.2100	
RayleighScaleDepth: 0.2000	
RayleighScaleDepth: 0.1900	
RayleighScaleDepth: 0.1800	
RayleighScaleDepth: 0.1700	
RayleighScaleDepth: 0.1600	
RayleighScaleDepth: 0.1500	
RayleighScaleDepth: 0.1400	
CameraHeight: 10.09	
CameraHeight: 10.08	
CameraHeight: 10.07	
CameraHeight: 10.07	
CameraHeight: 10.06	
CameraHeight: 10.06	
CameraHeight: 10.05	
CameraHeight: 10.05	
CameraHeight: 10.04	
CameraHeight: 10.04	
CameraHeight: 10.03	
CameraHeight: 10.03	
CameraHeight: 10.02	
CameraHeight: 10.02	
CameraHeight: 10.01	
CameraHeight: 10.01	
CameraHeight: 10.00	
CameraHeight: 10.00	
CameraHeight: 9.99	
CameraHeight: 9.99	
CameraHeight: 9.98	
CameraHeight: 9.98	
CameraHeight: 9.97	
CameraHeight: 9.97	
CameraHeight: 9.96	
CameraHeight: 9.96	
CameraHeight: 9.95	
CameraHeight: 9.95	
CameraHeight: 9.94	
CameraHeight: 9.94	
CameraHeight: 9.93	
CameraHeight: 9.94	
CameraHeight: 9.94	
CameraHeight: 9.95	
CameraHeight: 9.95	
CameraHeight: 9.96	
CameraHeight: 9.96	
CameraHeight: 9.97	
CameraHeight: 9.97	
CameraHeight: 9.98	
CameraHeight: 9.98	
CameraHeight: 9.99	
CameraHeight: 9.99	
CameraHeight: 10.00	
CameraHeight: 10.00	
CameraHeight: 10.01	
CameraHeight: 10.01	
CameraHeight: 10.02	
CameraHeight: 10.02	
CameraHeight: 10.03	
CameraHeight: 10.03	
CameraHeight: 10.04	
CameraHeight: 10.04	
CameraHeight: 10.05	
CameraHeight: 10.05	
CameraHeight: 10.06	
CameraHeight: 10.06	
CameraHeight: 10.07	
CameraHeight: 10.07	
CameraHeight: 10.08	
CameraHeight: 10.09	
CameraHeight: 10.09	
CameraHeight: 10.10	
CameraHeight: 10.10	
CameraHeight: 10.11	
CameraHeight: 10.11	
CameraHeight: 10.12	
CameraHeight: 10.12	
CameraHeight: 10.13	
CameraHeight: 10.13	
CameraHeight: 10.14	
CameraHeight: 10.14	
CameraHeight: 10.15	
CameraHeight: 10.15	
CameraHeight: 10.16	
CameraHeight: 10.16	
CameraHeight: 10.17	
CameraHeight: 10.17	
CameraHeight: 10.18	
CameraHeight: 10.18	
CameraHeight: 10.19	
CameraHeight: 10.19	
CameraHeight: 10.20	
CameraHeight: 10.20	
RayleighScaleDepth: 0.1300	
RayleighScaleDepth: 0.1200	
RayleighScaleDepth: 0.1100	
RayleighScaleDepth: 0.1000	
RayleighScaleDepth: 0.0900	
RayleighScaleDepth: 0.0800	
RayleighScaleDepth: 0.0700	
RayleighScaleDepth: 0.0600	
RayleighKr: 0.0023	
RayleighKr: 0.0022	
RayleighKr: 0.0021	
RayleighKr: 0.0020	
RayleighKr: 0.0019	
RayleighKr: 0.0018	
RayleighKr: 0.0017	
RayleighKr: 0.0016	
RayleighKr: 0.0015	
RayleighKr: 0.0014	
RayleighKr: 0.0013	
RayleighKr: 0.0012	
RayleighKr: 0.0011	
RayleighKr: 0.0010	
RayleighKr: 0.0009	
RayleighScaleDepth: 0.0700	
RayleighScaleDepth: 0.0800	
RayleighScaleDepth: 0.0900	
RayleighScaleDepth: 0.1000	
RayleighScaleDepth: 0.1100	
RayleighScaleDepth: 0.1200	
RayleighScaleDepth: 0.1300	
RayleighScaleDepth: 0.1400	
RayleighScaleDepth: 0.1500	
RayleighScaleDepth: 0.1600	
RayleighScaleDepth: 0.1700	
RayleighScaleDepth: 0.1800	
RayleighScaleDepth: 0.1900	
RayleighScaleDepth: 0.2000	
RayleighScaleDepth: 0.2100	
RayleighScaleDepth: 0.2200	
RayleighScaleDepth: 0.2300	
RayleighScaleDepth: 0.2400	
RayleighScaleDepth: 0.2500	
RayleighScaleDepth: 0.2600	
RayleighScaleDepth: 0.2700	
RayleighScaleDepth: 0.2800	
RayleighScaleDepth: 0.2900	
RayleighScaleDepth: 0.3000	
RayleighScaleDepth: 0.3100	
RayleighScaleDepth: 0.3200	
RayleighScaleDepth: 0.3300	
RayleighScaleDepth: 0.3400	
RayleighScaleDepth: 0.3500	
RayleighScaleDepth: 0.3600	
RayleighScaleDepth: 0.3700	
RayleighScaleDepth: 0.3800	
RayleighScaleDepth: 0.3900	
RayleighScaleDepth: 0.4000	
RayleighScaleDepth: 0.4100	
RayleighScaleDepth: 0.4200	
RayleighScaleDepth: 0.4300	
RayleighScaleDepth: 0.4400	
RayleighScaleDepth: 0.4500	
RayleighScaleDepth: 0.4600	
RayleighScaleDepth: 0.4700	
RayleighScaleDepth: 0.4800	
RayleighScaleDepth: 0.4900	
RayleighScaleDepth: 0.5000	
RayleighScaleDepth: 0.5100	
RayleighScaleDepth: 0.5200	
RayleighScaleDepth: 0.5300	
RayleighScaleDepth: 0.5400	
RayleighScaleDepth: 0.5500	
RayleighScaleDepth: 0.5600	
RayleighScaleDepth: 0.5700	
RayleighScaleDepth: 0.5800	
RayleighScaleDepth: 0.5900	
pan up	
pan down	
pan down	
pan down	
pan down	
pan up	
pan up	
pan up	
pan up	
pan up	
pan up	
pan up	
pan down	
pan up	
pan up	
pan up	
pan up	
Absorption: 3.7000	
Absorption: 3.8000	
Absorption: 3.9000	
Absorption: 4.0000	
Absorption: 3.9000	
Absorption: 3.8000	
Absorption: 3.7000	
Absorption: 3.6000	
Absorption: 3.7000	
Absorption: 3.8000	
CloudNumSamples: 128	
CloudNumSamples: 256	
CloudNumSamples: 128	
Absorption: 3.9000	
Absorption: 4.0000	
Absorption: 4.1000	
Absorption: 4.2000	
Absorption: 4.3000	
Absorption: 4.4000	
Absorption: 4.5000	
Absorption: 4.6000	
Absorption: 4.7000	
Absorption: 4.8000	
Absorption: 4.9000	
Absorption: 5.0000	
Absorption: 5.1000	
Absorption: 5.2000	
Absorption: 5.3000	
Absorption: 5.4000	
CloudNumSamples: 256	
pan left	
pan left	
roll right	
roll right	
roll right	
roll right	
pan down	
pan down	
pan down	
pan down	
pan down	
pan down	
pan down	
pan down	
pan down	
pan down	
pan down	
pan down	
pan down	
pan down	
pan up	
pan up	
pan up	
pan up	
pan up	
pan up	
pan up	
pan up	
pan up	
pan up	
pan left	
pan right	
pan right	
pan right	
pan right	
pan right	
pan right	
pan right	
pan right	
pan right	
pan right	
pan right	
pan right	
pan right	
pan right	
pan right	
pan right	
pan right	
pan right	
pan right	
pan right	
pan right	
pan right	
pan right	
pan right	
pan right	
pan right	
pan right	
pan right	
pan right	
pan right	
pan right	
pan right	
pan right	
pan right	
pan right	
pan right	
pan right	
pan right	
pan right	
pan right	
pan right	
pan right	
pan right	
pan right	
pan right	
pan right	
roll left	
roll right	
pan left	
pan left	
pan left	
pan left	
pan left	
pan left	
pan left	
pan left	
pan left	
pan left	
pan left	
pan left	
pan left	
pan left	
pan left	
pan left	
pan left	
pan left	
pan left	
pan left	
pan left	
pan left	
pan left	
pan left	
pan left	
pan left	
pan left	
pan left	
pan left	
pan left	
pan left	
pan left	
pan left	
pan left	
pan left	
pan left	
pan right	
pan up	
pan down	
pan down	
pan down	
pan down	
pan down	
pan down	
pan down	
pan down	
pan down	
pan down	
pan down	
pan up	
pan up	
pan right	
pan right	
pan right	
pan right	
pan right	
pan right	
pan right	
pan right	
pan right	
pan down	
pan right	
pan left	
pan left	
pan left	
pan left	
pan left	
pan left	
pan left	
pan left	
pan left	
pan left	
pan left	
pan left	
pan up	
pan up	
pan up	
pan up	
pan up	
pan left	
pan right	
pan up	
pan down	
pan down	
pan down	
pan down	
pan up	
pan down	
pan up	
pan up	
pan up	
pan up	
pan up	
Absorption: 5.5000	
Absorption: 5.6000	
Absorption: 5.7000	
Absorption: 5.8000	
Absorption: 5.9000	
Absorption: 6.0000	
Absorption: 6.1000	
Absorption: 6.2000	
Absorption: 6.3000	
Absorption: 6.4000	
Absorption: 6.5000	
Absorption: 6.6000	
Absorption: 6.7000	
Absorption: 6.8000	
Absorption: 6.9000	
Absorption: 7.0000	
Absorption: 7.1000	
Absorption: 7.2000	
Absorption: 7.3000	
Absorption: 7.4000	
Absorption: 7.5000	
Absorption: 7.6000	
Absorption: 7.7000	
Absorption: 7.8000	
Absorption: 7.9000	
Absorption: 8.0000	
Absorption: 8.1000	
Absorption: 8.2000	
Absorption: 8.3000	
Absorption: 8.4000	
Absorption: 8.5000	
Absorption: 8.6000	
Absorption: 8.7000	
Absorption: 8.8000	
Absorption: 8.9000	
Absorption: 9.0000	
Absorption: 9.1000	
Absorption: 9.2000	
Absorption: 9.1000	
Absorption: 9.0000	
Absorption: 8.9000	
Absorption: 8.8000	
Absorption: 8.7000	
Absorption: 8.6000	
Absorption: 8.5000	
Absorption: 8.4000	
Absorption: 8.3000	
Absorption: 8.2000	
Absorption: 8.1000	
Absorption: 8.0000	
Absorption: 7.9000	
Absorption: 7.8000	
Absorption: 7.7000	
Absorption: 7.6000	
Absorption: 7.5000	
Absorption: 7.4000	
Absorption: 7.3000	
Absorption: 7.2000	
Absorption: 7.1000	
Absorption: 7.0000	
Absorption: 6.9000	
Absorption: 6.8000	
Absorption: 6.7000	
Absorption: 6.6000	
Absorption: 6.5000	
Absorption: 6.4000	
Absorption: 6.3000	
Absorption: 6.2000	
Absorption: 6.1000	
Absorption: 6.0000	
Absorption: 5.9000	
Absorption: 5.8000	
Absorption: 5.7000	
Absorption: 5.6000	
Absorption: 5.5000	
Absorption: 5.4000	
Absorption: 5.3000	
Absorption: 5.2000	
Absorption: 5.1000	
Absorption: 5.0000	
Absorption: 4.9000	
Absorption: 4.8000	
Absorption: 4.7000	
Absorption: 4.6000	
Absorption: 4.5000	
Absorption: 4.4000	
Absorption: 4.3000	
Absorption: 4.2000	
Absorption: 4.1000	
Absorption: 4.0000	
Absorption: 3.9000	
Absorption: 3.8000	
Absorption: 3.7000	
Absorption: 3.8000	
Absorption: 3.7000	
Absorption: 3.6000	
Absorption: 3.5000	
Absorption: 3.4000	
Absorption: 3.3000	
Absorption: 3.2000	
Absorption: 3.1000	
Absorption: 3.0000	
Absorption: 3.1000	
Absorption: 3.2000	
Absorption: 3.3000	
Absorption: 3.4000	
Absorption: 3.5000	
Absorption: 3.6000	
Absorption: 3.7000	
Absorption: 3.8000	
Absorption: 3.9000	
Absorption: 4.0000	
Absorption: 4.1000	
Absorption: 4.2000	
Absorption: 4.3000	
Absorption: 4.4000	
Absorption: 4.5000	
Absorption: 4.6000	
Absorption: 4.7000	
Absorption: 4.8000	
Absorption: 4.9000	
Absorption: 4.8000	
CloudNumSamples: 512	
CloudNumSamples: 1024	
CloudNumSamples: 512	
CloudNumSamples: 256	
