OpenGL Version: 4.5.0 NVIDIA 354.13	
Starting seed: 1449957810	
pan up	
pan up	
pan up	
pan up	
NumSamples: 21	
NumSamples: 22	
NumSamples: 23	
NumSamples: 24	
NumSamples: 25	
NumSamples: 26	
NumSamples: 27	
NumSamples: 28	
NumSamples: 29	
NumSamples: 30	
NumSamples: 31	
NumSamples: 32	
NumSamples: 33	
NumSamples: 34	
NumSamples: 35	
NumSamples: 36	
pan up	
pan up	
pan up	
pan up	
NumSamples: 37	
NumSamples: 38	
NumSamples: 39	
NumSamples: 40	
NumSamples: 41	
NumSamples: 42	
NumSamples: 43	
NumSamples: 44	
NumSamples: 45	
NumSamples: 46	
NumSamples: 47	
NumSamples: 48	
NumSamples: 49	
NumSamples: 50	
NumSamples: 51	
NumSamples: 52	
NumSamples: 53	
NumSamples: 54	
NumSamples: 55	
NumSamples: 56	
pan up	
pan up	
pan up	
NumSamples: 57	
NumSamples: 58	
NumSamples: 59	
CloudNumSamples: 256	
CloudNumSamples: 128	
CloudNumSamples: 64	
Scale: 4.10	
Scale: 4.20	
Scale: 4.30	
Scale: 4.40	
Scale: 4.50	
Scale: 4.60	
Scale: 4.70	
Scale: 4.80	
Scale: 4.90	
Scale: 5.00	
Scale: 5.10	
Scale: 5.20	
Scale: 5.30	
Scale: 5.40	
Scale: 5.50	
Scale: 5.60	
Scale: 5.70	
Scale: 5.80	
Scale: 5.90	
Scale: 6.00	
Scale: 6.10	
Scale: 6.20	
Scale: 6.30	
Scale: 6.40	
Scale: 6.50	
Scale: 6.60	
Scale: 6.50	
Scale: 6.40	
Scale: 6.30	
Scale: 6.20	
Scale: 6.10	
Scale: 6.00	
Scale: 5.90	
Scale: 5.80	
Scale: 5.70	
Scale: 5.60	
Scale: 5.50	
Scale: 5.40	
cloudDensity: 0.43000	
Starting seed: 1449957869	
cloudDensity: 0.44000	
Starting seed: 1449957870	
cloudDensity: 0.43000	
Starting seed: 1449957871	
cloudDensity: 0.44000	
Starting seed: 1449957872	
cloudDensity: 0.45000	
Starting seed: 1449957873	
cloudDensity: 0.46000	
Starting seed: 1449957874	
cloudDensity: 0.45000	
Starting seed: 1449957875	
cloudDensity: 0.44000	
Starting seed: 1449957875	
cloudDensity: 0.43000	
Starting seed: 1449957876	
cloudDensity: 0.42000	
Starting seed: 1449957876	
cloudDensity: 0.41000	
Starting seed: 1449957877	
cloudDensity: 0.40000	
Starting seed: 1449957877	
cloudDensity: 0.39000	
Starting seed: 1449957878	
octaves: 9	
Starting seed: 1449957884	
octaves: 10	
Starting seed: 1449957885	
octaves: 11	
Starting seed: 1449957887	
octaves: 10	
Starting seed: 1449957888	
octaves: 11	
Starting seed: 1449957889	
octaves: 12	
Starting seed: 1449957890	
octaves: 11	
Starting seed: 1449957891	
octaves: 10	
Starting seed: 1449957892	
octaves: 9	
Starting seed: 1449957893	
octaves: 8	
Starting seed: 1449957895	
octaves: 7	
Starting seed: 1449957896	
octaves: 6	
Starting seed: 1449957896	
octaves: 5	
Starting seed: 1449957899	
octaves: 4	
Starting seed: 1449957900	
octaves: 3	
Starting seed: 1449957901	
octaves: 2	
Starting seed: 1449957902	
octaves: 1	
Starting seed: 1449957904	
octaves: 1	
Starting seed: 1449957905	
CloudNumSamples: 128	
CloudNumSamples: 256	
CloudNumSamples: 128	
CloudNumSamples: 64	
CloudNumSamples: 32	
CloudNumSamples: 16	
CloudNumSamples: 32	
CloudNumSamples: 64	
CloudNumSamples: 128	
CloudNumSamples: 256	
pan left	
pan left	
pan left	
pan left	
pan left	
pan left	
pan left	
pan left	
pan left	
pan left	
pan left	
pan left	
pan left	
pan left	
pan left	
pan left	
pan left	
pan left	
pan left	
pan left	
pan left	
pan left	
pan left	
pan left	
pan left	
pan left	
pan right	
pan right	
pan right	
pan right	
pan right	
pan right	
pan right	
pan right	
pan right	
pan right	
pan right	
pan right	
pan right	
pan right	
pan right	
pan right	
pan right	
pan right	
pan right	
pan right	
pan right	
pan right	
pan right	
pan right	
pan right	
pan right	
pan right	
pan right	
octaves: 2	
Starting seed: 1449957939	
octaves: 3	
Starting seed: 1449957941	
octaves: 4	
Starting seed: 1449957943	
octaves: 5	
Starting seed: 1449957943	
octaves: 4	
Starting seed: 1449957947	
octaves: 3	
Starting seed: 1449957948	
octaves: 2	
Starting seed: 1449957949	
octaves: 1	
Starting seed: 1449957950	
CloudNumSamples: 512	
Absorption: 2.5000	
CloudNumSamples: 256	
CloudNumSamples: 128	
Absorption: 2.6000	
Absorption: 2.7000	
Absorption: 2.8000	
Absorption: 2.9000	
Absorption: 3.0000	
Absorption: 3.1000	
Absorption: 3.2000	
Absorption: 3.3000	
Absorption: 3.4000	
Absorption: 3.5000	
Absorption: 3.6000	
Absorption: 3.7000	
Absorption: 3.8000	
Absorption: 3.9000	
Absorption: 4.0000	
Absorption: 4.1000	
Absorption: 4.2000	
Absorption: 4.3000	
Absorption: 4.4000	
Absorption: 4.5000	
Absorption: 4.6000	
Absorption: 4.7000	
Absorption: 4.8000	
Absorption: 4.9000	
CloudNumSamples: 256	
CloudNumSamples: 512	
CloudNumSamples: 256	
CloudNumSamples: 128	
CloudNumSamples: 256	
CloudNumSamples: 128	
octaves: 2	
Starting seed: 1449957980	
octaves: 3	
Starting seed: 1449957981	
octaves: 4	
Starting seed: 1449957982	
octaves: 5	
Starting seed: 1449957983	
octaves: 4	
Starting seed: 1449957984	
octaves: 3	
Starting seed: 1449957985	
octaves: 2	
Starting seed: 1449957986	
octaves: 1	
Starting seed: 1449957986	
